~~~ Project Configuration ~~~
-> Parallelism: 1 thread
-> Test order: LexicographicSpecExecutionOrder
-> Soft assertations: False
-> Write spec failure file: False
-> Fail on ignored tests: False
-> Extensions
  - io.kotlintest.extensions.SystemPropertyTagExtension
  - io.kotlintest.extensions.RuntimeTagExtension
1) [32m   	minimum value[39m
[32m   	maximum value[39m
[31m   	number of elements in the sequence *** FAILED ***[39m
[31m	  	cause: expected: 7.0 but was: 6.0 (HikerTest.kt:22)[39m
[32m   	average value[39m

KotlinTest completed in 0 seconds, 701 millis
Specs: completed 1, tests 4
Tests: passed 3, failed 1, ignored 0
[31m*** 1 TESTS FAILED ***[39m
Specs with failing tests:
[31m - hiker.HikerTest[39m
